2025-10-27T14:07:31.533-03:00  INFO 10212 --- [message-service] [main] com.message.MessageApplication           : Starting MessageApplication using Java 25 with PID 10212 (C:\Users\HP Pavilion Gaming\Documents\GitHub\Synk\Backend\target\classes started by HP Pavilion Gaming in C:\Users\HP Pavilion Gaming\Documents\GitHub\Synk\Backend)
2025-10-27T14:07:31.545-03:00 DEBUG 10212 --- [message-service] [main] com.message.MessageApplication           : Running with Spring Boot v3.5.5, Spring v6.2.10
2025-10-27T14:07:31.546-03:00  INFO 10212 --- [message-service] [main] com.message.MessageApplication           : The following 1 profile is active: "dev"
2025-10-27T14:07:33.278-03:00  INFO 10212 --- [message-service] [main] .s.d.r.c.RepositoryConfigurationDelegate : Bootstrapping Spring Data JPA repositories in DEFAULT mode.
2025-10-27T14:07:33.469-03:00  INFO 10212 --- [message-service] [main] .s.d.r.c.RepositoryConfigurationDelegate : Finished Spring Data repository scanning in 172 ms. Found 2 JPA repository interfaces.
2025-10-27T14:07:35.045-03:00  INFO 10212 --- [message-service] [main] o.s.b.w.embedded.tomcat.TomcatWebServer  : Tomcat initialized with port 8080 (http)
2025-10-27T14:07:35.075-03:00  INFO 10212 --- [message-service] [main] o.apache.catalina.core.StandardService   : Starting service [Tomcat]
2025-10-27T14:07:35.076-03:00  INFO 10212 --- [message-service] [main] o.apache.catalina.core.StandardEngine    : Starting Servlet engine: [Apache Tomcat/10.1.44]
2025-10-27T14:07:35.201-03:00  INFO 10212 --- [message-service] [main] o.a.c.c.C.[Tomcat].[localhost].[/]       : Initializing Spring embedded WebApplicationContext
2025-10-27T14:07:35.201-03:00  INFO 10212 --- [message-service] [main] w.s.c.ServletWebServerApplicationContext : Root WebApplicationContext: initialization completed in 3481 ms
2025-10-27T14:07:35.798-03:00 DEBUG 10212 --- [message-service] [main] j.LocalContainerEntityManagerFactoryBean : Building JPA container EntityManagerFactory for persistence unit 'default'
2025-10-27T14:07:35.837-03:00  INFO 10212 --- [message-service] [main] o.hibernate.jpa.internal.util.LogHelper  : HHH000204: Processing PersistenceUnitInfo [name: default]
2025-10-27T14:07:35.935-03:00  INFO 10212 --- [message-service] [main] org.hibernate.Version                    : HHH000412: Hibernate ORM core version 6.6.26.Final
2025-10-27T14:07:35.990-03:00  INFO 10212 --- [message-service] [main] o.h.c.internal.RegionFactoryInitiator    : HHH000026: Second-level cache disabled
2025-10-27T14:07:36.463-03:00  INFO 10212 --- [message-service] [main] o.s.o.j.p.SpringPersistenceUnitInfo      : No LoadTimeWeaver setup: ignoring JPA class transformer
2025-10-27T14:07:36.501-03:00  INFO 10212 --- [message-service] [main] com.zaxxer.hikari.HikariDataSource       : HikariPool-1 - Starting...
2025-10-27T14:07:36.830-03:00  INFO 10212 --- [message-service] [main] com.zaxxer.hikari.pool.HikariPool        : HikariPool-1 - Added connection conn0: url=jdbc:h2:mem:316db6e4-cdbe-481a-981e-d4055b7fca73 user=SA
2025-10-27T14:07:36.833-03:00  INFO 10212 --- [message-service] [main] com.zaxxer.hikari.HikariDataSource       : HikariPool-1 - Start completed.
2025-10-27T14:07:36.875-03:00  WARN 10212 --- [message-service] [main] org.hibernate.dialect.Dialect            : HHH000511: The 2.3.232 version for [org.hibernate.dialect.PostgreSQLDialect] is no longer supported, hence certain features may not work properly. The minimum supported version is 12.0.0. Check the community dialects project for available legacy versions.
2025-10-27T14:07:36.884-03:00  WARN 10212 --- [message-service] [main] org.hibernate.orm.deprecation            : HHH90000025: PostgreSQLDialect does not need to be specified explicitly using 'hibernate.dialect' (remove the property setting and it will be selected by default)
2025-10-27T14:07:36.920-03:00  INFO 10212 --- [message-service] [main] org.hibernate.orm.connections.pooling    : HHH10001005: Database info:
	Database JDBC URL [Connecting through datasource 'HikariDataSource (HikariPool-1)']
	Database driver: undefined/unknown
	Database version: 2.3.232
	Autocommit mode: undefined/unknown
	Isolation level: undefined/unknown
	Minimum pool size: undefined/unknown
	Maximum pool size: undefined/unknown
2025-10-27T14:07:38.272-03:00  INFO 10212 --- [message-service] [main] o.h.e.t.j.p.i.JtaPlatformInitiator       : HHH000489: No JTA platform available (set 'hibernate.transaction.jta.platform' to enable JTA platform integration)
2025-10-27T14:07:38.396-03:00  INFO 10212 --- [message-service] [main] j.LocalContainerEntityManagerFactoryBean : Initialized JPA EntityManagerFactory for persistence unit 'default'
2025-10-27T14:07:38.782-03:00  INFO 10212 --- [message-service] [main] o.s.d.j.r.query.QueryEnhancerFactory     : Hibernate is in classpath; If applicable, HQL parser will be used.
2025-10-27T14:07:40.788-03:00  WARN 10212 --- [message-service] [main] JpaBaseConfiguration$JpaWebConfiguration : spring.jpa.open-in-view is enabled by default. Therefore, database queries may be performed during view rendering. Explicitly configure spring.jpa.open-in-view to disable this warning
2025-10-27T14:07:41.926-03:00  INFO 10212 --- [message-service] [main] o.s.b.a.e.web.EndpointLinksResolver      : Exposing 1 endpoint beneath base path '/actuator'
2025-10-27T14:07:42.158-03:00  INFO 10212 --- [message-service] [main] o.s.b.w.embedded.tomcat.TomcatWebServer  : Tomcat started on port 8080 (http) with context path '/'
2025-10-27T14:07:42.183-03:00  INFO 10212 --- [message-service] [main] com.message.MessageApplication           : Started MessageApplication in 12.053 seconds (process running for 12.88)
2025-10-27T14:08:05.060-03:00  INFO 10212 --- [message-service] [http-nio-8080-exec-1] o.a.c.c.C.[Tomcat].[localhost].[/]       : Initializing Spring DispatcherServlet 'dispatcherServlet'
2025-10-27T14:08:05.060-03:00  INFO 10212 --- [message-service] [http-nio-8080-exec-1] o.s.web.servlet.DispatcherServlet        : Initializing Servlet 'dispatcherServlet'
2025-10-27T14:08:05.062-03:00  INFO 10212 --- [message-service] [http-nio-8080-exec-1] o.s.web.servlet.DispatcherServlet        : Completed initialization in 1 ms
2025-10-27T14:08:05.107-03:00 DEBUG 10212 --- [message-service] [http-nio-8080-exec-1] o.j.s.OpenEntityManagerInViewInterceptor : Opening JPA EntityManager in OpenEntityManagerInViewInterceptor
2025-10-27T14:08:05.109-03:00 DEBUG 10212 --- [message-service] [http-nio-8080-exec-1] o.j.s.OpenEntityManagerInViewInterceptor : Closing JPA EntityManager in OpenEntityManagerInViewInterceptor
2025-10-27T14:08:05.125-03:00 DEBUG 10212 --- [message-service] [http-nio-8080-exec-4] o.j.s.OpenEntityManagerInViewInterceptor : Opening JPA EntityManager in OpenEntityManagerInViewInterceptor
2025-10-27T14:08:05.209-03:00 DEBUG 10212 --- [message-service] [http-nio-8080-exec-4] o.j.s.OpenEntityManagerInViewInterceptor : Closing JPA EntityManager in OpenEntityManagerInViewInterceptor
2025-10-27T14:08:06.181-03:00 DEBUG 10212 --- [message-service] [http-nio-8080-exec-5] o.j.s.OpenEntityManagerInViewInterceptor : Opening JPA EntityManager in OpenEntityManagerInViewInterceptor
2025-10-27T14:08:06.250-03:00 DEBUG 10212 --- [message-service] [http-nio-8080-exec-5] o.j.s.OpenEntityManagerInViewInterceptor : Closing JPA EntityManager in OpenEntityManagerInViewInterceptor
2025-10-27T14:08:06.258-03:00 DEBUG 10212 --- [message-service] [http-nio-8080-exec-8] o.j.s.OpenEntityManagerInViewInterceptor : Opening JPA EntityManager in OpenEntityManagerInViewInterceptor
2025-10-27T14:08:06.260-03:00 DEBUG 10212 --- [message-service] [http-nio-8080-exec-8] o.j.s.OpenEntityManagerInViewInterceptor : Closing JPA EntityManager in OpenEntityManagerInViewInterceptor
2025-10-27T14:08:09.147-03:00  WARN 10212 --- [message-service] [http-nio-8080-exec-9] o.s.web.servlet.PageNotFound             : No mapping for GET /messages/conversation/1/2
2025-10-27T14:08:09.148-03:00  WARN 10212 --- [message-service] [http-nio-8080-exec-9] o.s.web.servlet.PageNotFound             : No endpoint GET /messages/conversation/1/2.
2025-10-27T14:08:09.157-03:00 DEBUG 10212 --- [message-service] [http-nio-8080-exec-9] o.j.s.OpenEntityManagerInViewInterceptor : Opening JPA EntityManager in OpenEntityManagerInViewInterceptor
2025-10-27T14:08:09.167-03:00 DEBUG 10212 --- [message-service] [http-nio-8080-exec-9] o.j.s.OpenEntityManagerInViewInterceptor : Closing JPA EntityManager in OpenEntityManagerInViewInterceptor
2025-10-27T14:08:15.352-03:00  WARN 10212 --- [message-service] [http-nio-8080-exec-2] o.s.web.servlet.PageNotFound             : No mapping for GET /messages/conversation/1/1
2025-10-27T14:08:15.353-03:00  WARN 10212 --- [message-service] [http-nio-8080-exec-2] o.s.web.servlet.PageNotFound             : No endpoint GET /messages/conversation/1/1.
2025-10-27T14:08:15.355-03:00 DEBUG 10212 --- [message-service] [http-nio-8080-exec-2] o.j.s.OpenEntityManagerInViewInterceptor : Opening JPA EntityManager in OpenEntityManagerInViewInterceptor
2025-10-27T14:08:15.357-03:00 DEBUG 10212 --- [message-service] [http-nio-8080-exec-2] o.j.s.OpenEntityManagerInViewInterceptor : Closing JPA EntityManager in OpenEntityManagerInViewInterceptor
2025-10-27T14:08:15.796-03:00  WARN 10212 --- [message-service] [http-nio-8080-exec-3] o.s.web.servlet.PageNotFound             : No mapping for GET /messages/conversation/1/2
2025-10-27T14:08:15.797-03:00  WARN 10212 --- [message-service] [http-nio-8080-exec-3] o.s.web.servlet.PageNotFound             : No endpoint GET /messages/conversation/1/2.
2025-10-27T14:08:15.798-03:00 DEBUG 10212 --- [message-service] [http-nio-8080-exec-3] o.j.s.OpenEntityManagerInViewInterceptor : Opening JPA EntityManager in OpenEntityManagerInViewInterceptor
2025-10-27T14:08:15.800-03:00 DEBUG 10212 --- [message-service] [http-nio-8080-exec-3] o.j.s.OpenEntityManagerInViewInterceptor : Closing JPA EntityManager in OpenEntityManagerInViewInterceptor
2025-10-27T14:08:16.350-03:00  WARN 10212 --- [message-service] [http-nio-8080-exec-6] o.s.web.servlet.PageNotFound             : No mapping for GET /messages/conversation/1/1
2025-10-27T14:08:16.350-03:00  WARN 10212 --- [message-service] [http-nio-8080-exec-6] o.s.web.servlet.PageNotFound             : No endpoint GET /messages/conversation/1/1.
2025-10-27T14:08:16.351-03:00 DEBUG 10212 --- [message-service] [http-nio-8080-exec-6] o.j.s.OpenEntityManagerInViewInterceptor : Opening JPA EntityManager in OpenEntityManagerInViewInterceptor
2025-10-27T14:08:16.353-03:00 DEBUG 10212 --- [message-service] [http-nio-8080-exec-6] o.j.s.OpenEntityManagerInViewInterceptor : Closing JPA EntityManager in OpenEntityManagerInViewInterceptor
2025-10-27T14:12:34.199-03:00  INFO 16284 --- [message-service] [main] com.message.MessageApplicationTests      : Starting MessageApplicationTests using Java 22.0.1 with PID 16284 (started by maxxo in C:\Users\maxxo\OneDrive\Documents\GitHub\Synk\Backend)
2025-10-27T14:12:34.202-03:00 DEBUG 16284 --- [message-service] [main] com.message.MessageApplicationTests      : Running with Spring Boot v3.5.5, Spring v6.2.10
2025-10-27T14:12:34.203-03:00  INFO 16284 --- [message-service] [main] com.message.MessageApplicationTests      : The following 1 profile is active: "dev"
2025-10-27T14:12:35.964-03:00  INFO 16284 --- [message-service] [main] .s.d.r.c.RepositoryConfigurationDelegate : Bootstrapping Spring Data JPA repositories in DEFAULT mode.
2025-10-27T14:12:36.093-03:00  INFO 16284 --- [message-service] [main] .s.d.r.c.RepositoryConfigurationDelegate : Finished Spring Data repository scanning in 114 ms. Found 2 JPA repository interfaces.
2025-10-27T14:12:38.405-03:00 DEBUG 16284 --- [message-service] [main] j.LocalContainerEntityManagerFactoryBean : Building JPA container EntityManagerFactory for persistence unit 'default'
2025-10-27T14:12:38.458-03:00  INFO 16284 --- [message-service] [main] o.hibernate.jpa.internal.util.LogHelper  : HHH000204: Processing PersistenceUnitInfo [name: default]
2025-10-27T14:12:38.684-03:00  INFO 16284 --- [message-service] [main] org.hibernate.Version                    : HHH000412: Hibernate ORM core version 6.6.26.Final
2025-10-27T14:12:38.814-03:00  INFO 16284 --- [message-service] [main] o.h.c.internal.RegionFactoryInitiator    : HHH000026: Second-level cache disabled
2025-10-27T14:12:39.768-03:00  INFO 16284 --- [message-service] [main] o.s.o.j.p.SpringPersistenceUnitInfo      : No LoadTimeWeaver setup: ignoring JPA class transformer
2025-10-27T14:12:39.874-03:00  INFO 16284 --- [message-service] [main] com.zaxxer.hikari.HikariDataSource       : HikariPool-1 - Starting...
2025-10-27T14:12:40.696-03:00  INFO 16284 --- [message-service] [main] com.zaxxer.hikari.pool.HikariPool        : HikariPool-1 - Added connection conn0: url=jdbc:h2:mem:3adc3bcd-854d-4ae5-b9d8-d37340b5afae user=SA
2025-10-27T14:12:40.698-03:00  INFO 16284 --- [message-service] [main] com.zaxxer.hikari.HikariDataSource       : HikariPool-1 - Start completed.
2025-10-27T14:12:40.882-03:00  WARN 16284 --- [message-service] [main] org.hibernate.dialect.Dialect            : HHH000511: The 2.3.232 version for [org.hibernate.dialect.PostgreSQLDialect] is no longer supported, hence certain features may not work properly. The minimum supported version is 12.0.0. Check the community dialects project for available legacy versions.
2025-10-27T14:12:40.945-03:00  WARN 16284 --- [message-service] [main] org.hibernate.orm.deprecation            : HHH90000025: PostgreSQLDialect does not need to be specified explicitly using 'hibernate.dialect' (remove the property setting and it will be selected by default)
2025-10-27T14:12:41.009-03:00  INFO 16284 --- [message-service] [main] org.hibernate.orm.connections.pooling    : HHH10001005: Database info:
	Database JDBC URL [Connecting through datasource 'HikariDataSource (HikariPool-1)']
	Database driver: undefined/unknown
	Database version: 2.3.232
	Autocommit mode: undefined/unknown
	Isolation level: undefined/unknown
	Minimum pool size: undefined/unknown
	Maximum pool size: undefined/unknown
2025-10-27T14:12:44.114-03:00  INFO 16284 --- [message-service] [main] o.h.e.t.j.p.i.JtaPlatformInitiator       : HHH000489: No JTA platform available (set 'hibernate.transaction.jta.platform' to enable JTA platform integration)
2025-10-27T14:12:44.271-03:00  INFO 16284 --- [message-service] [main] j.LocalContainerEntityManagerFactoryBean : Initialized JPA EntityManagerFactory for persistence unit 'default'
2025-10-27T14:12:44.911-03:00  INFO 16284 --- [message-service] [main] o.s.d.j.r.query.QueryEnhancerFactory     : Hibernate is in classpath; If applicable, HQL parser will be used.
2025-10-27T14:12:46.915-03:00  WARN 16284 --- [message-service] [main] JpaBaseConfiguration$JpaWebConfiguration : spring.jpa.open-in-view is enabled by default. Therefore, database queries may be performed during view rendering. Explicitly configure spring.jpa.open-in-view to disable this warning
2025-10-27T14:12:48.747-03:00  INFO 16284 --- [message-service] [main] o.s.b.a.e.web.EndpointLinksResolver      : Exposing 1 endpoint beneath base path '/actuator'
2025-10-27T14:12:48.863-03:00  INFO 16284 --- [message-service] [main] com.message.MessageApplicationTests      : Started MessageApplicationTests in 15.584 seconds (process running for 18.381)
2025-10-27T14:12:55.302-03:00  INFO 16284 --- [message-service] [SpringApplicationShutdownHook] j.LocalContainerEntityManagerFactoryBean : Closing JPA EntityManagerFactory for persistence unit 'default'
2025-10-27T14:12:55.333-03:00  INFO 16284 --- [message-service] [SpringApplicationShutdownHook] com.zaxxer.hikari.HikariDataSource       : HikariPool-1 - Shutdown initiated...
2025-10-27T14:12:55.362-03:00  INFO 16284 --- [message-service] [SpringApplicationShutdownHook] com.zaxxer.hikari.HikariDataSource       : HikariPool-1 - Shutdown completed.
2025-10-27T14:22:01.467-03:00  INFO 20820 --- [message-service] [main] com.message.MessageApplicationTests      : Starting MessageApplicationTests using Java 22.0.1 with PID 20820 (started by maxxo in C:\Users\maxxo\OneDrive\Documents\GitHub\Synk\Backend)
2025-10-27T14:22:01.470-03:00 DEBUG 20820 --- [message-service] [main] com.message.MessageApplicationTests      : Running with Spring Boot v3.5.5, Spring v6.2.10
2025-10-27T14:22:01.471-03:00  INFO 20820 --- [message-service] [main] com.message.MessageApplicationTests      : The following 1 profile is active: "dev"
2025-10-27T14:22:03.076-03:00  INFO 20820 --- [message-service] [main] .s.d.r.c.RepositoryConfigurationDelegate : Bootstrapping Spring Data JPA repositories in DEFAULT mode.
2025-10-27T14:22:03.176-03:00  INFO 20820 --- [message-service] [main] .s.d.r.c.RepositoryConfigurationDelegate : Finished Spring Data repository scanning in 84 ms. Found 2 JPA repository interfaces.
2025-10-27T14:22:05.892-03:00 DEBUG 20820 --- [message-service] [main] j.LocalContainerEntityManagerFactoryBean : Building JPA container EntityManagerFactory for persistence unit 'default'
2025-10-27T14:22:06.003-03:00  INFO 20820 --- [message-service] [main] o.hibernate.jpa.internal.util.LogHelper  : HHH000204: Processing PersistenceUnitInfo [name: default]
2025-10-27T14:22:06.284-03:00  INFO 20820 --- [message-service] [main] org.hibernate.Version                    : HHH000412: Hibernate ORM core version 6.6.26.Final
2025-10-27T14:22:06.435-03:00  INFO 20820 --- [message-service] [main] o.h.c.internal.RegionFactoryInitiator    : HHH000026: Second-level cache disabled
2025-10-27T14:22:07.264-03:00  INFO 20820 --- [message-service] [main] o.s.o.j.p.SpringPersistenceUnitInfo      : No LoadTimeWeaver setup: ignoring JPA class transformer
2025-10-27T14:22:07.344-03:00  INFO 20820 --- [message-service] [main] com.zaxxer.hikari.HikariDataSource       : HikariPool-1 - Starting...
2025-10-27T14:22:07.658-03:00  INFO 20820 --- [message-service] [main] com.zaxxer.hikari.pool.HikariPool        : HikariPool-1 - Added connection conn0: url=jdbc:h2:mem:bb22d9e2-030e-451a-b8ad-e77a2fb7ef8c user=SA
2025-10-27T14:22:07.661-03:00  INFO 20820 --- [message-service] [main] com.zaxxer.hikari.HikariDataSource       : HikariPool-1 - Start completed.
2025-10-27T14:22:07.694-03:00  WARN 20820 --- [message-service] [main] org.hibernate.dialect.Dialect            : HHH000511: The 2.3.232 version for [org.hibernate.dialect.PostgreSQLDialect] is no longer supported, hence certain features may not work properly. The minimum supported version is 12.0.0. Check the community dialects project for available legacy versions.
2025-10-27T14:22:07.702-03:00  WARN 20820 --- [message-service] [main] org.hibernate.orm.deprecation            : HHH90000025: PostgreSQLDialect does not need to be specified explicitly using 'hibernate.dialect' (remove the property setting and it will be selected by default)
2025-10-27T14:22:07.730-03:00  INFO 20820 --- [message-service] [main] org.hibernate.orm.connections.pooling    : HHH10001005: Database info:
	Database JDBC URL [Connecting through datasource 'HikariDataSource (HikariPool-1)']
	Database driver: undefined/unknown
	Database version: 2.3.232
	Autocommit mode: undefined/unknown
	Isolation level: undefined/unknown
	Minimum pool size: undefined/unknown
	Maximum pool size: undefined/unknown
2025-10-27T14:22:09.264-03:00  INFO 20820 --- [message-service] [main] o.h.e.t.j.p.i.JtaPlatformInitiator       : HHH000489: No JTA platform available (set 'hibernate.transaction.jta.platform' to enable JTA platform integration)
2025-10-27T14:22:09.374-03:00  INFO 20820 --- [message-service] [main] j.LocalContainerEntityManagerFactoryBean : Initialized JPA EntityManagerFactory for persistence unit 'default'
2025-10-27T14:22:09.940-03:00  INFO 20820 --- [message-service] [main] o.s.d.j.r.query.QueryEnhancerFactory     : Hibernate is in classpath; If applicable, HQL parser will be used.
2025-10-27T14:22:12.046-03:00  WARN 20820 --- [message-service] [main] JpaBaseConfiguration$JpaWebConfiguration : spring.jpa.open-in-view is enabled by default. Therefore, database queries may be performed during view rendering. Explicitly configure spring.jpa.open-in-view to disable this warning
2025-10-27T14:22:14.194-03:00  INFO 20820 --- [message-service] [main] o.s.b.a.e.web.EndpointLinksResolver      : Exposing 1 endpoint beneath base path '/actuator'
2025-10-27T14:22:14.464-03:00  INFO 20820 --- [message-service] [main] com.message.MessageApplicationTests      : Started MessageApplicationTests in 13.634 seconds (process running for 15.629)
2025-10-27T14:22:15.731-03:00  INFO 20820 --- [message-service] [SpringApplicationShutdownHook] j.LocalContainerEntityManagerFactoryBean : Closing JPA EntityManagerFactory for persistence unit 'default'
2025-10-27T14:22:15.737-03:00  INFO 20820 --- [message-service] [SpringApplicationShutdownHook] com.zaxxer.hikari.HikariDataSource       : HikariPool-1 - Shutdown initiated...
2025-10-27T14:22:15.744-03:00  INFO 20820 --- [message-service] [SpringApplicationShutdownHook] com.zaxxer.hikari.HikariDataSource       : HikariPool-1 - Shutdown completed.
2025-10-27T14:23:47.548-03:00  INFO 1916 --- [message-service] [main] com.message.MessageApplicationTests      : Starting MessageApplicationTests using Java 22.0.1 with PID 1916 (started by maxxo in C:\Users\maxxo\OneDrive\Documents\GitHub\Synk\Backend)
2025-10-27T14:23:47.550-03:00 DEBUG 1916 --- [message-service] [main] com.message.MessageApplicationTests      : Running with Spring Boot v3.5.5, Spring v6.2.10
2025-10-27T14:23:47.551-03:00  INFO 1916 --- [message-service] [main] com.message.MessageApplicationTests      : The following 1 profile is active: "dev"
2025-10-27T14:23:49.167-03:00  INFO 1916 --- [message-service] [main] .s.d.r.c.RepositoryConfigurationDelegate : Bootstrapping Spring Data JPA repositories in DEFAULT mode.
2025-10-27T14:23:49.270-03:00  INFO 1916 --- [message-service] [main] .s.d.r.c.RepositoryConfigurationDelegate : Finished Spring Data repository scanning in 84 ms. Found 2 JPA repository interfaces.
2025-10-27T14:23:51.080-03:00 DEBUG 1916 --- [message-service] [main] j.LocalContainerEntityManagerFactoryBean : Building JPA container EntityManagerFactory for persistence unit 'default'
2025-10-27T14:23:51.128-03:00  INFO 1916 --- [message-service] [main] o.hibernate.jpa.internal.util.LogHelper  : HHH000204: Processing PersistenceUnitInfo [name: default]
2025-10-27T14:23:51.250-03:00  INFO 1916 --- [message-service] [main] org.hibernate.Version                    : HHH000412: Hibernate ORM core version 6.6.26.Final
2025-10-27T14:23:51.329-03:00  INFO 1916 --- [message-service] [main] o.h.c.internal.RegionFactoryInitiator    : HHH000026: Second-level cache disabled
2025-10-27T14:23:51.975-03:00  INFO 1916 --- [message-service] [main] o.s.o.j.p.SpringPersistenceUnitInfo      : No LoadTimeWeaver setup: ignoring JPA class transformer
2025-10-27T14:23:52.034-03:00  INFO 1916 --- [message-service] [main] com.zaxxer.hikari.HikariDataSource       : HikariPool-1 - Starting...
2025-10-27T14:23:52.346-03:00  INFO 1916 --- [message-service] [main] com.zaxxer.hikari.pool.HikariPool        : HikariPool-1 - Added connection conn0: url=jdbc:h2:mem:ea77d3e2-50fd-458b-b8c1-a5409eb69ebd user=SA
2025-10-27T14:23:52.349-03:00  INFO 1916 --- [message-service] [main] com.zaxxer.hikari.HikariDataSource       : HikariPool-1 - Start completed.
2025-10-27T14:23:52.377-03:00  WARN 1916 --- [message-service] [main] org.hibernate.dialect.Dialect            : HHH000511: The 2.3.232 version for [org.hibernate.dialect.PostgreSQLDialect] is no longer supported, hence certain features may not work properly. The minimum supported version is 12.0.0. Check the community dialects project for available legacy versions.
2025-10-27T14:23:52.385-03:00  WARN 1916 --- [message-service] [main] org.hibernate.orm.deprecation            : HHH90000025: PostgreSQLDialect does not need to be specified explicitly using 'hibernate.dialect' (remove the property setting and it will be selected by default)
2025-10-27T14:23:52.410-03:00  INFO 1916 --- [message-service] [main] org.hibernate.orm.connections.pooling    : HHH10001005: Database info:
	Database JDBC URL [Connecting through datasource 'HikariDataSource (HikariPool-1)']
	Database driver: undefined/unknown
	Database version: 2.3.232
	Autocommit mode: undefined/unknown
	Isolation level: undefined/unknown
	Minimum pool size: undefined/unknown
	Maximum pool size: undefined/unknown
2025-10-27T14:23:53.672-03:00  INFO 1916 --- [message-service] [main] o.h.e.t.j.p.i.JtaPlatformInitiator       : HHH000489: No JTA platform available (set 'hibernate.transaction.jta.platform' to enable JTA platform integration)
2025-10-27T14:23:53.808-03:00  INFO 1916 --- [message-service] [main] j.LocalContainerEntityManagerFactoryBean : Initialized JPA EntityManagerFactory for persistence unit 'default'
2025-10-27T14:23:54.706-03:00  INFO 1916 --- [message-service] [main] o.s.d.j.r.query.QueryEnhancerFactory     : Hibernate is in classpath; If applicable, HQL parser will be used.
2025-10-27T14:23:57.307-03:00  WARN 1916 --- [message-service] [main] JpaBaseConfiguration$JpaWebConfiguration : spring.jpa.open-in-view is enabled by default. Therefore, database queries may be performed during view rendering. Explicitly configure spring.jpa.open-in-view to disable this warning
2025-10-27T14:23:59.087-03:00  INFO 1916 --- [message-service] [main] o.s.b.a.e.web.EndpointLinksResolver      : Exposing 1 endpoint beneath base path '/actuator'
2025-10-27T14:23:59.231-03:00  INFO 1916 --- [message-service] [main] com.message.MessageApplicationTests      : Started MessageApplicationTests in 12.409 seconds (process running for 14.45)
2025-10-27T14:24:00.076-03:00  INFO 1916 --- [message-service] [SpringApplicationShutdownHook] j.LocalContainerEntityManagerFactoryBean : Closing JPA EntityManagerFactory for persistence unit 'default'
2025-10-27T14:24:00.080-03:00  INFO 1916 --- [message-service] [SpringApplicationShutdownHook] com.zaxxer.hikari.HikariDataSource       : HikariPool-1 - Shutdown initiated...
2025-10-27T14:24:00.085-03:00  INFO 1916 --- [message-service] [SpringApplicationShutdownHook] com.zaxxer.hikari.HikariDataSource       : HikariPool-1 - Shutdown completed.
